<?xml version="1.0" encoding="UTF-8"?>

<mule xmlns:spring="http://www.springframework.org/schema/beans" xmlns:db="http://www.mulesoft.org/schema/mule/db" 
	xmlns:sfdc="http://www.mulesoft.org/schema/mule/sfdc"
	xmlns="http://www.mulesoft.org/schema/mule/core"
	xmlns:doc="http://www.mulesoft.org/schema/mule/documentation"
	
	xmlns:xsi="http://www.w3.org/2001/XMLSchema-instance"
	xsi:schemaLocation="http://www.mulesoft.org/schema/mule/db http://www.mulesoft.org/schema/mule/db/current/mule-db.xsd
http://www.mulesoft.org/schema/mule/core http://www.mulesoft.org/schema/mule/core/current/mule.xsd
http://www.mulesoft.org/schema/mule/sfdc http://www.mulesoft.org/schema/mule/sfdc/current/mule-sfdc.xsd
http://www.springframework.org/schema/beans http://www.springframework.org/schema/beans/spring-beans-current.xsd">
       <sub-flow name="createAccountFlowDatabase" doc:name="createAccountFlowDatabase">
                    <db:insert config-ref="Database" bulkMode="true" doc:name="insert accounts to Database" autoGeneratedKeys="true" autoGeneratedKeysColumnNames="Id">
            <db:parameterized-query><![CDATA[INSERT INTO Account (
	Id,
	AccountNumber,
	AccountSource,
	AnnualRevenue,
	BillingCity,
	BillingCountry,
	BillingPostalCode,
	BillingState,
	BillingStreet,
	Description,
	Fax,
	Industry,
	LastModifiedDate,
	Name,
	NumberOfEmployees,
	Ownership,
	Phone,
	Rating,
	ShippingCity,
	ShippingCountry,
	ShippingPostalCode,
	ShippingState,
	ShippingStreet,
	Sic,
	SicDesc,
	Site,
	TickerSymbol,
	Type,
	Website
) VALUES (
	#[payload['Id']],
	#[payload['AccountNumber']],
	#[payload['AccountSource']],
	#[payload['AnnualRevenue']],
	#[payload['BillingCity']],
	#[payload['BillingCountry']],
	#[payload['BillingPostalCode']],
	#[payload['BillingState']],
	#[payload['BillingStreet']],
	#[payload['Description']],
	#[payload['Fax']],
	#[payload['Industry']],
	CURRENT_TIMESTAMP,
	#[payload['Name']],
	#[payload['NumberOfEmployees']],
	#[payload['Ownership']],
	#[payload['Phone']],
	#[payload['Rating']],
	#[payload['ShippingCity']],
	#[payload['ShippingCountry']],
	#[payload['ShippingPostalCode']],
	#[payload['ShippingState']],
	#[payload['ShippingStreet']],
	#[payload['Sic']],
	#[payload['SicDesc']],
	#[payload['Site']],
	#[payload['TickerSymbol']],
	#[payload['Type']],
	#[payload['Website']]
)]]></db:parameterized-query>
                    </db:insert>
    </sub-flow>
    <sub-flow name="createAccountFlowSalesforce" doc:name="createAccountFlowSalesforce">
        <sfdc:create config-ref="Salesforce" type="Account" doc:name="Salesforce">
            <sfdc:objects ref="#[payload]"/>
        </sfdc:create>
    </sub-flow>
    <sub-flow name="retrieveAccountFromSalesforceFlow" doc:name="retrieveAccountFromSalesforceFlow">
        <sfdc:query-single config-ref="Salesforce" query="SELECT Id,AccountNumber,AccountSource,AnnualRevenue,BillingCity,BillingCountry,BillingPostalCode,BillingState,BillingStreet,Description,Fax,Industry,LastModifiedDate,Name,NumberOfEmployees,OwnerId,Ownership,ParentId,Phone,Rating,ShippingCity,ShippingCountry,ShippingPostalCode,ShippingState,ShippingStreet,Sic,SicDesc,Site,TickerSymbol,Type,Website FROM Account WHERE Name = '#[payload[&quot;Name&quot;]]'" doc:name="Salesforce" />
    </sub-flow>
    <sub-flow name="deleteAccountFromSalesforceFlow" doc:name="deleteAccountFromSalesforceFlow">
        <sfdc:delete config-ref="Salesforce" doc:name="Salesforce">
            <sfdc:ids ref="#[payload]"/>
        </sfdc:delete>
    </sub-flow>
</mule>
